Performing C SOURCE FILE Test CMAKE_HAVE_LIBC_PTHREAD failed with the following output:
Change Dir: /home/franco/Taller/Rocket-League-sideswipe-Taller-1-FIUBA/build/CMakeFiles/CMakeTmp

Run Build Command(s):/usr/bin/make cmTC_6f10c/fast && /usr/bin/make -f CMakeFiles/cmTC_6f10c.dir/build.make CMakeFiles/cmTC_6f10c.dir/build
make[1]: Entering directory '/home/franco/Taller/Rocket-League-sideswipe-Taller-1-FIUBA/build/CMakeFiles/CMakeTmp'
Building C object CMakeFiles/cmTC_6f10c.dir/src.c.o
/usr/bin/cc   -DCMAKE_HAVE_LIBC_PTHREAD   -o CMakeFiles/cmTC_6f10c.dir/src.c.o   -c /home/franco/Taller/Rocket-League-sideswipe-Taller-1-FIUBA/build/CMakeFiles/CMakeTmp/src.c
Linking C executable cmTC_6f10c
/usr/bin/cmake -E cmake_link_script CMakeFiles/cmTC_6f10c.dir/link.txt --verbose=1
/usr/bin/cc  -DCMAKE_HAVE_LIBC_PTHREAD    -rdynamic CMakeFiles/cmTC_6f10c.dir/src.c.o  -o cmTC_6f10c 
/usr/bin/ld: CMakeFiles/cmTC_6f10c.dir/src.c.o: in function `main':
src.c:(.text+0x46): undefined reference to `pthread_create'
/usr/bin/ld: src.c:(.text+0x52): undefined reference to `pthread_detach'
/usr/bin/ld: src.c:(.text+0x63): undefined reference to `pthread_join'
collect2: error: ld returned 1 exit status
make[1]: *** [CMakeFiles/cmTC_6f10c.dir/build.make:87: cmTC_6f10c] Error 1
make[1]: Leaving directory '/home/franco/Taller/Rocket-League-sideswipe-Taller-1-FIUBA/build/CMakeFiles/CMakeTmp'
make: *** [Makefile:121: cmTC_6f10c/fast] Error 2


Source file was:
#include <pthread.h>

void* test_func(void* data)
{
  return data;
}

int main(void)
{
  pthread_t thread;
  pthread_create(&thread, NULL, test_func, NULL);
  pthread_detach(thread);
  pthread_join(thread, NULL);
  pthread_atfork(NULL, NULL, NULL);
  pthread_exit(NULL);

  return 0;
}

Performing C++ SOURCE FILE Test SDL2PP_WITH_EXPERIMENTAL_OPTIONAL failed with the following output:
Change Dir: /home/franco/Taller/Rocket-League-sideswipe-Taller-1-FIUBA/build/CMakeFiles/CMakeTmp

Run Build Command(s):/usr/bin/make cmTC_e2b3f/fast && /usr/bin/make -f CMakeFiles/cmTC_e2b3f.dir/build.make CMakeFiles/cmTC_e2b3f.dir/build
make[1]: Entering directory '/home/franco/Taller/Rocket-League-sideswipe-Taller-1-FIUBA/build/CMakeFiles/CMakeTmp'
Building CXX object CMakeFiles/cmTC_e2b3f.dir/src.cxx.o
/usr/bin/c++    -std=c++11 -std=c++11 -DSDL2PP_WITH_EXPERIMENTAL_OPTIONAL   -o CMakeFiles/cmTC_e2b3f.dir/src.cxx.o -c /home/franco/Taller/Rocket-League-sideswipe-Taller-1-FIUBA/build/CMakeFiles/CMakeTmp/src.cxx
/home/franco/Taller/Rocket-League-sideswipe-Taller-1-FIUBA/build/CMakeFiles/CMakeTmp/src.cxx: In function ‘int main()’:
/home/franco/Taller/Rocket-League-sideswipe-Taller-1-FIUBA/build/CMakeFiles/CMakeTmp/src.cxx:2:19: error: ‘std::experimental’ has not been declared
    2 | int main() { std::experimental::optional<int> o; return !o; }
      |                   ^~~~~~~~~~~~
/home/franco/Taller/Rocket-League-sideswipe-Taller-1-FIUBA/build/CMakeFiles/CMakeTmp/src.cxx:2:42: error: expected primary-expression before ‘int’
    2 | int main() { std::experimental::optional<int> o; return !o; }
      |                                          ^~~
/home/franco/Taller/Rocket-League-sideswipe-Taller-1-FIUBA/build/CMakeFiles/CMakeTmp/src.cxx:2:58: error: ‘o’ was not declared in this scope
    2 | int main() { std::experimental::optional<int> o; return !o; }
      |                                                          ^
make[1]: *** [CMakeFiles/cmTC_e2b3f.dir/build.make:66: CMakeFiles/cmTC_e2b3f.dir/src.cxx.o] Error 1
make[1]: Leaving directory '/home/franco/Taller/Rocket-League-sideswipe-Taller-1-FIUBA/build/CMakeFiles/CMakeTmp'
make: *** [Makefile:121: cmTC_e2b3f/fast] Error 2


Source file was:
#include <experimental/optional>
int main() { std::experimental::optional<int> o; return !o; }
